[2021-11-28 15:13:31,209][wiiboard][ERROR] average called before any data could get in
[2021-11-28 15:13:33,506][wiiboard][ERROR] average called before any data could get in
[2021-11-28 15:13:35,803][wiiboard][ERROR] average called before any data could get in
[2021-11-28 15:13:38,099][wiiboard][ERROR] average called before any data could get in
[2021-11-28 15:13:40,395][wiiboard][ERROR] average called before any data could get in
[2021-11-28 15:13:42,674][wiiboard][ERROR] average called before any data could get in
[2021-11-28 15:13:44,970][wiiboard][ERROR] average called before any data could get in
[2021-11-28 15:13:47,266][wiiboard][ERROR] average called before any data could get in
[2021-11-28 15:13:49,561][wiiboard][ERROR] average called before any data could get in
[2021-11-28 15:13:51,858][wiiboard][ERROR] average called before any data could get in
Exception in thread Thread-1:
Traceback (most recent call last):
  File "<string>", line 3, in recv
_bluetooth.error: (103, 'Software caused connection abort')

During handling of the above exception, another exception occurred:

Traceback (most recent call last):
  File "/usr/lib/python3.9/threading.py", line 954, in _bootstrap_inner
    self.run()
  File "/usr/lib/python3.9/threading.py", line 892, in run
    self._target(*self._args, **self._kwargs)
  File "/mnt/bee1/wiibee/wiiboard.py", line 121, in loop
    data = self.receivesocket.recv(25)
  File "<string>", line 5, in recv
bluetooth.btcommon.BluetoothError: [Errno 103] Software caused connection abort
[2021-11-28 15:40:44,034][wiiboard][ERROR] average called before any data could get in
[2021-11-28 15:40:46,329][wiiboard][ERROR] average called before any data could get in
[2021-11-28 15:40:48,625][wiiboard][ERROR] average called before any data could get in
[2021-11-28 15:40:50,918][wiiboard][ERROR] average called before any data could get in
[2021-11-28 15:40:53,215][wiiboard][ERROR] average called before any data could get in
[2021-11-28 15:40:55,486][wiiboard][ERROR] average called before any data could get in
[2021-11-28 15:40:57,781][wiiboard][ERROR] average called before any data could get in
[2021-11-28 15:41:00,071][wiiboard][ERROR] average called before any data could get in
[2021-11-28 15:41:02,364][wiiboard][ERROR] average called before any data could get in
[2021-11-28 15:41:04,659][wiiboard][ERROR] average called before any data could get in
Exception in thread Thread-1:
Traceback (most recent call last):
  File "<string>", line 3, in recv
_bluetooth.error: (103, 'Software caused connection abort')

During handling of the above exception, another exception occurred:

Traceback (most recent call last):
  File "/usr/lib/python3.9/threading.py", line 954, in _bootstrap_inner
    self.run()
  File "/usr/lib/python3.9/threading.py", line 892, in run
    self._target(*self._args, **self._kwargs)
  File "/mnt/bee1/wiibee/wiiboard.py", line 121, in loop
    data = self.receivesocket.recv(25)
  File "<string>", line 5, in recv
bluetooth.btcommon.BluetoothError: [Errno 103] Software caused connection abort
