--------------- 2021-11-15 12:45:11 ---------------
File "schedule.wpi" not found, skip running schedule script.
---------------------------------------------------
--------------- 2021-11-15 12:46:13 ---------------
Schedule next shutdown at: 2021-11-15 13:05:00
Schedule next startup at:  2021-11-15 13:20:00
---------------------------------------------------
--------------- 2021-11-15 13:29:56 ---------------
Schedule next shutdown at: 2021-11-15 13:45:00
Schedule next startup at:  2021-11-15 14:00:00
---------------------------------------------------
--------------- 2021-11-15 13:34:25 ---------------
Schedule next shutdown at: 2021-11-15 13:45:00
Schedule next startup at:  2021-11-15 14:00:00
---------------------------------------------------
--------------- 2021-11-15 13:58:29 ---------------
Schedule script is interrupted, revising the schedule...
Schedule next shutdown at: 2021-11-15 13:59:00
Schedule next startup at:  2021-11-15 14:00:00
---------------------------------------------------
--------------- 2021-11-15 14:02:23 ---------------
Schedule next shutdown at: 2021-11-15 14:05:00
Schedule next startup at:  2021-11-15 14:20:00
---------------------------------------------------
--------------- 2021-11-15 14:10:38 ---------------
Schedule next shutdown at: 2021-11-15 14:25:00
Schedule next startup at:  2021-11-15 14:40:00
---------------------------------------------------
--------------- 2021-11-15 14:21:02 ---------------
Schedule next shutdown at: 2021-11-15 14:25:00
Schedule next startup at:  2021-11-15 14:40:00
---------------------------------------------------
--------------- 2021-11-15 14:23:22 ---------------
Schedule next shutdown at: 2021-11-15 14:25:00
Schedule next startup at:  2021-11-15 14:40:00
---------------------------------------------------
--------------- 2021-11-15 14:48:46 ---------------
Schedule next shutdown at: 2021-11-15 15:05:00
Schedule next startup at:  2021-11-15 15:20:00
---------------------------------------------------
--------------- 2021-11-15 14:52:25 ---------------
Schedule next shutdown at: 2021-11-15 15:05:00
Schedule next startup at:  2021-11-15 15:20:00
---------------------------------------------------
--------------- 2021-11-15 14:53:20 ---------------
Schedule next shutdown at: 2021-11-15 15:05:00
Schedule next startup at:  2021-11-15 15:20:00
---------------------------------------------------
--------------- 2021-11-15 15:01:17 ---------------
Schedule next shutdown at: 2021-11-15 15:05:00
Schedule next startup at:  2021-11-15 15:20:00
---------------------------------------------------
--------------- 2021-11-15 15:04:29 ---------------
Schedule next shutdown at: 2021-11-15 15:05:00
Schedule next startup at:  2021-11-15 15:10:00
---------------------------------------------------
--------------- 2021-11-15 15:10:23 ---------------
Schedule next shutdown at: 2021-11-15 15:15:00
Schedule next startup at:  2021-11-15 15:20:00
---------------------------------------------------
--------------- 2021-11-15 15:16:42 ---------------
Schedule script is interrupted, revising the schedule...
Schedule next shutdown at: 2021-11-15 15:19:00
Schedule next startup at:  2021-11-15 15:20:00
---------------------------------------------------
--------------- 2021-11-15 16:02:44 ---------------
Schedule next shutdown at: 2021-11-15 16:05:00
Schedule next startup at:  2021-11-15 16:10:00
---------------------------------------------------
